<?xml version="1.0" encoding="UTF-8"?>
<testsuite xmlns:xsi="http://www.w3.org/2001/XMLSchema-instance" xsi:noNamespaceSchemaLocation="https://maven.apache.org/surefire/maven-surefire-plugin/xsd/surefire-test-report-3.0.xsd" version="3.0" name="org.univ_paris8.iut.montreuil.qdev.tp2024.gr3.jeuQuizz.ServiceJoueurMockListeVideTest" time="0.001" tests="1" errors="0" skipped="0" failures="0">
  <properties>
    <property name="java.specification.version" value="19"/>
    <property name="sun.cpu.isalist" value="amd64"/>
    <property name="sun.jnu.encoding" value="Cp1252"/>
    <property name="java.class.path" value="C:\Users\sebouhdjeur\OneDrive - HORIZON SOFTWARE\Documents\Sandbox\Ecole\joueur-sme\target\test-classes;C:\Users\sebouhdjeur\OneDrive - HORIZON SOFTWARE\Documents\Sandbox\Ecole\joueur-sme\target\classes;C:\Users\sebouhdjeur\.m2\repository\junit\junit\4.13.1\junit-4.13.1.jar;C:\Users\sebouhdjeur\.m2\repository\org\hamcrest\hamcrest-core\1.3\hamcrest-core-1.3.jar;"/>
    <property name="java.vm.vendor" value="Amazon.com Inc."/>
    <property name="sun.arch.data.model" value="64"/>
    <property name="user.variant" value=""/>
    <property name="java.vendor.url" value="https://aws.amazon.com/corretto/"/>
    <property name="user.timezone" value="Europe/Paris"/>
    <property name="os.name" value="Windows 11"/>
    <property name="java.vm.specification.version" value="19"/>
    <property name="sun.java.launcher" value="SUN_STANDARD"/>
    <property name="user.country" value="US"/>
    <property name="sun.boot.library.path" value="C:\Users\sebouhdjeur\.jdks\corretto-19.0.2\bin"/>
    <property name="sun.java.command" value="C:\Users\sebouhdjeur\AppData\Local\Temp\surefire10744664379113896968\surefirebooter-20240617104447908_3.jar C:\Users\sebouhdjeur\AppData\Local\Temp\surefire10744664379113896968 2024-06-17T10-44-46_230-jvmRun1 surefire-20240617104447908_1tmp surefire_0-20240617104447908_2tmp"/>
    <property name="jdk.debug" value="release"/>
    <property name="surefire.test.class.path" value="C:\Users\sebouhdjeur\OneDrive - HORIZON SOFTWARE\Documents\Sandbox\Ecole\joueur-sme\target\test-classes;C:\Users\sebouhdjeur\OneDrive - HORIZON SOFTWARE\Documents\Sandbox\Ecole\joueur-sme\target\classes;C:\Users\sebouhdjeur\.m2\repository\junit\junit\4.13.1\junit-4.13.1.jar;C:\Users\sebouhdjeur\.m2\repository\org\hamcrest\hamcrest-core\1.3\hamcrest-core-1.3.jar;"/>
    <property name="sun.cpu.endian" value="little"/>
    <property name="user.home" value="C:\Users\sebouhdjeur"/>
    <property name="user.language" value="en"/>
    <property name="java.specification.vendor" value="Oracle Corporation"/>
    <property name="java.version.date" value="2023-01-17"/>
    <property name="java.home" value="C:\Users\sebouhdjeur\.jdks\corretto-19.0.2"/>
    <property name="file.separator" value="\"/>
    <property name="basedir" value="C:\Users\sebouhdjeur\OneDrive - HORIZON SOFTWARE\Documents\Sandbox\Ecole\joueur-sme"/>
    <property name="java.vm.compressedOopsMode" value="Zero based"/>
    <property name="line.separator" value="&#10;"/>
    <property name="java.vm.specification.vendor" value="Oracle Corporation"/>
    <property name="java.specification.name" value="Java Platform API Specification"/>
    <property name="surefire.real.class.path" value="C:\Users\sebouhdjeur\AppData\Local\Temp\surefire10744664379113896968\surefirebooter-20240617104447908_3.jar"/>
    <property name="user.script" value=""/>
    <property name="sun.management.compiler" value="HotSpot 64-Bit Tiered Compilers"/>
    <property name="java.runtime.version" value="19.0.2+7-FR"/>
    <property name="user.name" value="sebouhdjeur"/>
    <property name="stdout.encoding" value="Cp1252"/>
    <property name="path.separator" value=";"/>
    <property name="os.version" value="10.0"/>
    <property name="java.runtime.name" value="OpenJDK Runtime Environment"/>
    <property name="file.encoding" value="UTF-8"/>
    <property name="java.vm.name" value="OpenJDK 64-Bit Server VM"/>
    <property name="java.vendor.version" value="Corretto-19.0.2.7.1"/>
    <property name="localRepository" value="C:\Users\sebouhdjeur\.m2\repository"/>
    <property name="java.vendor.url.bug" value="https://github.com/corretto/corretto-19/issues/"/>
    <property name="java.io.tmpdir" value="C:\Users\SEBOUH~1\AppData\Local\Temp\"/>
    <property name="idea.version" value="2024.1.2"/>
    <property name="java.version" value="19.0.2"/>
    <property name="user.dir" value="C:\Users\sebouhdjeur\OneDrive - HORIZON SOFTWARE\Documents\Sandbox\Ecole\joueur-sme"/>
    <property name="os.arch" value="amd64"/>
    <property name="java.vm.specification.name" value="Java Virtual Machine Specification"/>
    <property name="sun.os.patch.level" value=""/>
    <property name="native.encoding" value="Cp1252"/>
    <property name="java.library.path" value="C:\Users\sebouhdjeur\.jdks\corretto-19.0.2\bin;C:\WINDOWS\Sun\Java\bin;C:\WINDOWS\system32;C:\WINDOWS;C:\Program Files\Zulu\zulu-8\bin\;C:\Windows\system32;C:\Windows;C:\Windows\System32\Wbem;C:\Windows\System32\WindowsPowerShell\v1.0\;C:\Windows\System32\OpenSSH\;C:\Program Files (x86)\NVIDIA Corporation\PhysX\Common;C:\Program Files\dotnet\;C:\WINDOWS\system32;C:\WINDOWS;C:\WINDOWS\System32\Wbem;C:\WINDOWS\System32\WindowsPowerShell\v1.0\;C:\WINDOWS\System32\OpenSSH\;C:\Program Files\PuTTY\;C:\Program Files\Git\cmd;C:\Program Files\TortoiseSVN\bin;C:\Program Files\Zulu\zulu-7\bin\;C:\Program Files\Zulu\zulu-6\bin\;C:\Program Files\nodejs\;C:\ProgramData\ComposerSetup\bin;C:\Program Files\Docker\Docker\resources\bin;C:\Users\sebouhdjeur\AppData\Local\pnpm;C:\Program Files\MySQL\MySQL Shell 8.0\bin\;C:\Users\sebouhdjeur\scoop\apps\gcc\current\bin;C:\Users\sebouhdjeur\scoop\apps\nvm\current;C:\Users\sebouhdjeur\scoop\apps\nvm\current\nodejs\nodejs;C:\Users\sebouhdjeur\scoop\shims;C:\Users\sebouhdjeur\.console-ninja\.bin;C:\Users\sebouhdjeur\AppData\Local\Programs\Python\Python312\Scripts\;C:\Users\sebouhdjeur\AppData\Local\Programs\Python\Python312\;C:\Users\sebouhdjeur\AppData\Local\Microsoft\WindowsApps;C:\Users\sebouhdjeur\AppData\Local\Programs\Microsoft VS Code\bin;C:\Users\sebouhdjeur\AppData\Roaming\npm;C:\Users\sebouhdjeur\AppData\Local\JetBrains\Toolbox\scripts;C:\php;C:\Users\sebouhdjeur\AppData\Roaming\Composer\vendor\bin;C:\Users\sebouhdjeur\AppData\Local\Programs\mongosh\;."/>
    <property name="java.vm.info" value="mixed mode, sharing"/>
    <property name="stderr.encoding" value="Cp1252"/>
    <property name="java.vendor" value="Amazon.com Inc."/>
    <property name="java.vm.version" value="19.0.2+7-FR"/>
    <property name="sun.io.unicode.encoding" value="UnicodeLittle"/>
    <property name="java.class.version" value="63.0"/>
  </properties>
  <testcase name="testAjouterEtObtenirJoueur" classname="org.univ_paris8.iut.montreuil.qdev.tp2024.gr3.jeuQuizz.ServiceJoueurMockListeVideTest" time="0.0"/>
</testsuite>